{"C:\\Users\\juanr\\Documents\\zonica2.0\\back2.0\\Zoonika-b\\src\\db.ts": {"path":"C:\\Users\\juanr\\Documents\\zonica2.0\\back2.0\\Zoonika-b\\src\\db.ts","statementMap":{"0":{"start":{"line":1,"column":0},"end":{"line":1,"column":46}},"1":{"start":{"line":3,"column":13},"end":{"line":3,"column":41}}},"fnMap":{},"branchMap":{},"s":{"0":1,"1":1},"f":{},"b":{}}
,"C:\\Users\\juanr\\Documents\\zonica2.0\\back2.0\\Zoonika-b\\src\\index.ts": {"path":"C:\\Users\\juanr\\Documents\\zonica2.0\\back2.0\\Zoonika-b\\src\\index.ts","statementMap":{"0":{"start":{"line":1,"column":0},"end":{"line":1,"column":30}},"1":{"start":{"line":2,"column":0},"end":{"line":2,"column":24}},"2":{"start":{"line":3,"column":0},"end":{"line":3,"column":28}},"3":{"start":{"line":5,"column":0},"end":{"line":5,"column":16}},"4":{"start":{"line":7,"column":0},"end":{"line":7,"column":45}},"5":{"start":{"line":8,"column":0},"end":{"line":8,"column":51}},"6":{"start":{"line":9,"column":0},"end":{"line":9,"column":45}},"7":{"start":{"line":10,"column":0},"end":{"line":10,"column":57}},"8":{"start":{"line":11,"column":0},"end":{"line":11,"column":51}},"9":{"start":{"line":12,"column":0},"end":{"line":12,"column":58}},"10":{"start":{"line":14,"column":12},"end":{"line":14,"column":21}},"11":{"start":{"line":16,"column":0},"end":{"line":16,"column":16}},"12":{"start":{"line":17,"column":0},"end":{"line":17,"column":24}},"13":{"start":{"line":19,"column":0},"end":{"line":19,"column":29}},"14":{"start":{"line":21,"column":0},"end":{"line":21,"column":36}},"15":{"start":{"line":23,"column":0},"end":{"line":23,"column":33}},"16":{"start":{"line":25,"column":0},"end":{"line":25,"column":44}},"17":{"start":{"line":27,"column":0},"end":{"line":27,"column":39}},"18":{"start":{"line":29,"column":0},"end":{"line":29,"column":22}},"19":{"start":{"line":31,"column":21},"end":{"line":31,"column":61}},"20":{"start":{"line":33,"column":0},"end":{"line":37,"column":1}},"21":{"start":{"line":34,"column":2},"end":{"line":36,"column":5}},"22":{"start":{"line":35,"column":4},"end":{"line":35,"column":75}},"23":{"start":{"line":39,"column":0},"end":{"line":39,"column":19}}},"fnMap":{"0":{"name":"(anonymous_1)","decl":{"start":{"line":34,"column":19},"end":{"line":34,"column":22}},"loc":{"start":{"line":34,"column":24},"end":{"line":36,"column":3}}}},"branchMap":{"0":{"loc":{"start":{"line":31,"column":30},"end":{"line":31,"column":56}},"type":"binary-expr","locations":[{"start":{"line":31,"column":30},"end":{"line":31,"column":46}},{"start":{"line":31,"column":50},"end":{"line":31,"column":56}}]},"1":{"loc":{"start":{"line":33,"column":0},"end":{"line":37,"column":1}},"type":"if","locations":[{"start":{"line":33,"column":0},"end":{"line":37,"column":1}},{"start":{},"end":{}}]}},"s":{"0":1,"1":1,"2":1,"3":1,"4":1,"5":1,"6":1,"7":1,"8":1,"9":1,"10":1,"11":1,"12":1,"13":1,"14":1,"15":1,"16":1,"17":1,"18":1,"19":1,"20":1,"21":0,"22":0,"23":1},"f":{"0":0},"b":{"0":[1,1],"1":[0,1]}}
,"C:\\Users\\juanr\\Documents\\zonica2.0\\back2.0\\Zoonika-b\\src\\controllers\\authController.ts": {"path":"C:\\Users\\juanr\\Documents\\zonica2.0\\back2.0\\Zoonika-b\\src\\controllers\\authController.ts","statementMap":{"0":{"start":{"line":3,"column":0},"end":{"line":3,"column":31}},"1":{"start":{"line":4,"column":0},"end":{"line":4,"column":102}},"2":{"start":{"line":6,"column":19},"end":{"line":6,"column":41}},"3":{"start":{"line":7,"column":0},"end":{"line":9,"column":1}},"4":{"start":{"line":8,"column":2},"end":{"line":8,"column":77}},"5":{"start":{"line":11,"column":24},"end":{"line":19,"column":2}},"6":{"start":{"line":11,"column":82},"end":{"line":19,"column":2}},"7":{"start":{"line":12,"column":38},"end":{"line":12,"column":46}},"8":{"start":{"line":13,"column":2},"end":{"line":18,"column":3}},"9":{"start":{"line":14,"column":17},"end":{"line":14,"column":60}},"10":{"start":{"line":15,"column":4},"end":{"line":15,"column":31}},"11":{"start":{"line":17,"column":4},"end":{"line":17,"column":12}},"12":{"start":{"line":11,"column":13},"end":{"line":11,"column":24}},"13":{"start":{"line":21,"column":21},"end":{"line":43,"column":2}},"14":{"start":{"line":21,"column":79},"end":{"line":43,"column":2}},"15":{"start":{"line":22,"column":30},"end":{"line":22,"column":38}},"16":{"start":{"line":23,"column":2},"end":{"line":42,"column":3}},"17":{"start":{"line":24,"column":17},"end":{"line":24,"column":45}},"18":{"start":{"line":25,"column":4},"end":{"line":25,"column":80}},"19":{"start":{"line":25,"column":15},"end":{"line":25,"column":80}},"20":{"start":{"line":27,"column":18},"end":{"line":27,"column":64}},"21":{"start":{"line":28,"column":4},"end":{"line":28,"column":81}},"22":{"start":{"line":28,"column":16},"end":{"line":28,"column":81}},"23":{"start":{"line":30,"column":4},"end":{"line":30,"column":31}},"24":{"start":{"line":32,"column":18},"end":{"line":32,"column":95}},"25":{"start":{"line":34,"column":4},"end":{"line":39,"column":7}},"26":{"start":{"line":41,"column":4},"end":{"line":41,"column":12}},"27":{"start":{"line":21,"column":13},"end":{"line":21,"column":21}}},"fnMap":{"0":{"name":"(anonymous_8)","decl":{"start":{"line":11,"column":24},"end":{"line":11,"column":31}},"loc":{"start":{"line":11,"column":82},"end":{"line":19,"column":2}}},"1":{"name":"(anonymous_9)","decl":{"start":{"line":11,"column":82},"end":{"line":11,"column":null}},"loc":{"start":{"line":11,"column":82},"end":{"line":19,"column":1}}},"2":{"name":"(anonymous_10)","decl":{"start":{"line":21,"column":21},"end":{"line":21,"column":28}},"loc":{"start":{"line":21,"column":79},"end":{"line":43,"column":2}}},"3":{"name":"(anonymous_11)","decl":{"start":{"line":21,"column":79},"end":{"line":21,"column":null}},"loc":{"start":{"line":21,"column":79},"end":{"line":43,"column":1}}}},"branchMap":{"0":{"loc":{"start":{"line":7,"column":0},"end":{"line":9,"column":1}},"type":"if","locations":[{"start":{"line":7,"column":0},"end":{"line":9,"column":1}},{"start":{},"end":{}}]},"1":{"loc":{"start":{"line":25,"column":4},"end":{"line":25,"column":80}},"type":"if","locations":[{"start":{"line":25,"column":4},"end":{"line":25,"column":80}},{"start":{},"end":{}}]},"2":{"loc":{"start":{"line":28,"column":4},"end":{"line":28,"column":81}},"type":"if","locations":[{"start":{"line":28,"column":4},"end":{"line":28,"column":81}},{"start":{},"end":{}}]}},"s":{"0":1,"1":1,"2":1,"3":1,"4":0,"5":1,"6":1,"7":1,"8":1,"9":1,"10":1,"11":0,"12":1,"13":1,"14":2,"15":2,"16":2,"17":2,"18":2,"19":0,"20":2,"21":2,"22":1,"23":1,"24":1,"25":1,"26":0,"27":1},"f":{"0":1,"1":1,"2":2,"3":2},"b":{"0":[0,1],"1":[0,2],"2":[1,1]}}
,"C:\\Users\\juanr\\Documents\\zonica2.0\\back2.0\\Zoonika-b\\src\\controllers\\commentController.ts": {"path":"C:\\Users\\juanr\\Documents\\zonica2.0\\back2.0\\Zoonika-b\\src\\controllers\\commentController.ts","statementMap":{"0":{"start":{"line":3,"column":0},"end":{"line":3,"column":154}},"1":{"start":{"line":5,"column":29},"end":{"line":19,"column":2}},"2":{"start":{"line":5,"column":87},"end":{"line":19,"column":2}},"3":{"start":{"line":6,"column":48},"end":{"line":6,"column":56}},"4":{"start":{"line":7,"column":20},"end":{"line":7,"column":32}},"5":{"start":{"line":9,"column":2},"end":{"line":18,"column":3}},"6":{"start":{"line":10,"column":22},"end":{"line":10,"column":77}},"7":{"start":{"line":11,"column":4},"end":{"line":13,"column":5}},"8":{"start":{"line":12,"column":6},"end":{"line":12,"column":107}},"9":{"start":{"line":14,"column":18},"end":{"line":14,"column":86}},"10":{"start":{"line":15,"column":4},"end":{"line":15,"column":32}},"11":{"start":{"line":17,"column":4},"end":{"line":17,"column":12}},"12":{"start":{"line":5,"column":13},"end":{"line":5,"column":29}},"13":{"start":{"line":21,"column":29},"end":{"line":36,"column":2}},"14":{"start":{"line":21,"column":87},"end":{"line":36,"column":2}},"15":{"start":{"line":22,"column":17},"end":{"line":22,"column":27}},"16":{"start":{"line":23,"column":37},"end":{"line":23,"column":45}},"17":{"start":{"line":24,"column":20},"end":{"line":24,"column":32}},"18":{"start":{"line":26,"column":2},"end":{"line":35,"column":3}},"19":{"start":{"line":27,"column":22},"end":{"line":27,"column":57}},"20":{"start":{"line":28,"column":4},"end":{"line":30,"column":5}},"21":{"start":{"line":29,"column":6},"end":{"line":29,"column":62}},"22":{"start":{"line":31,"column":24},"end":{"line":31,"column":89}},"23":{"start":{"line":32,"column":4},"end":{"line":32,"column":26}},"24":{"start":{"line":34,"column":4},"end":{"line":34,"column":12}},"25":{"start":{"line":21,"column":13},"end":{"line":21,"column":29}},"26":{"start":{"line":38,"column":29},"end":{"line":52,"column":2}},"27":{"start":{"line":38,"column":87},"end":{"line":52,"column":2}},"28":{"start":{"line":39,"column":17},"end":{"line":39,"column":27}},"29":{"start":{"line":40,"column":20},"end":{"line":40,"column":32}},"30":{"start":{"line":42,"column":2},"end":{"line":51,"column":3}},"31":{"start":{"line":43,"column":22},"end":{"line":43,"column":57}},"32":{"start":{"line":44,"column":4},"end":{"line":46,"column":5}},"33":{"start":{"line":45,"column":6},"end":{"line":45,"column":62}},"34":{"start":{"line":47,"column":4},"end":{"line":47,"column":46}},"35":{"start":{"line":48,"column":4},"end":{"line":48,"column":27}},"36":{"start":{"line":50,"column":4},"end":{"line":50,"column":12}},"37":{"start":{"line":38,"column":13},"end":{"line":38,"column":29}}},"fnMap":{"0":{"name":"(anonymous_7)","decl":{"start":{"line":5,"column":29},"end":{"line":5,"column":36}},"loc":{"start":{"line":5,"column":87},"end":{"line":19,"column":2}}},"1":{"name":"(anonymous_8)","decl":{"start":{"line":5,"column":87},"end":{"line":5,"column":null}},"loc":{"start":{"line":5,"column":87},"end":{"line":19,"column":1}}},"2":{"name":"(anonymous_9)","decl":{"start":{"line":21,"column":29},"end":{"line":21,"column":36}},"loc":{"start":{"line":21,"column":87},"end":{"line":36,"column":2}}},"3":{"name":"(anonymous_10)","decl":{"start":{"line":21,"column":87},"end":{"line":21,"column":null}},"loc":{"start":{"line":21,"column":87},"end":{"line":36,"column":1}}},"4":{"name":"(anonymous_11)","decl":{"start":{"line":38,"column":29},"end":{"line":38,"column":36}},"loc":{"start":{"line":38,"column":87},"end":{"line":52,"column":2}}},"5":{"name":"(anonymous_12)","decl":{"start":{"line":38,"column":87},"end":{"line":38,"column":null}},"loc":{"start":{"line":38,"column":87},"end":{"line":52,"column":1}}}},"branchMap":{"0":{"loc":{"start":{"line":11,"column":4},"end":{"line":13,"column":5}},"type":"if","locations":[{"start":{"line":11,"column":4},"end":{"line":13,"column":5}},{"start":{},"end":{}}]},"1":{"loc":{"start":{"line":28,"column":4},"end":{"line":30,"column":5}},"type":"if","locations":[{"start":{"line":28,"column":4},"end":{"line":30,"column":5}},{"start":{},"end":{}}]},"2":{"loc":{"start":{"line":28,"column":8},"end":{"line":28,"column":55}},"type":"binary-expr","locations":[{"start":{"line":28,"column":8},"end":{"line":28,"column":18}},{"start":{"line":28,"column":22},"end":{"line":28,"column":55}}]},"3":{"loc":{"start":{"line":44,"column":4},"end":{"line":46,"column":5}},"type":"if","locations":[{"start":{"line":44,"column":4},"end":{"line":46,"column":5}},{"start":{},"end":{}}]},"4":{"loc":{"start":{"line":44,"column":8},"end":{"line":44,"column":55}},"type":"binary-expr","locations":[{"start":{"line":44,"column":8},"end":{"line":44,"column":18}},{"start":{"line":44,"column":22},"end":{"line":44,"column":55}}]}},"s":{"0":1,"1":1,"2":0,"3":0,"4":0,"5":0,"6":0,"7":0,"8":0,"9":0,"10":0,"11":0,"12":1,"13":1,"14":0,"15":0,"16":0,"17":0,"18":0,"19":0,"20":0,"21":0,"22":0,"23":0,"24":0,"25":1,"26":1,"27":0,"28":0,"29":0,"30":0,"31":0,"32":0,"33":0,"34":0,"35":0,"36":0,"37":1},"f":{"0":0,"1":0,"2":0,"3":0,"4":0,"5":0},"b":{"0":[0,0],"1":[0,0],"2":[0,0],"3":[0,0],"4":[0,0]}}
,"C:\\Users\\juanr\\Documents\\zonica2.0\\back2.0\\Zoonika-b\\src\\controllers\\galleryController.ts": {"path":"C:\\Users\\juanr\\Documents\\zonica2.0\\back2.0\\Zoonika-b\\src\\controllers\\galleryController.ts","statementMap":{"0":{"start":{"line":3,"column":0},"end":{"line":3,"column":94}},"1":{"start":{"line":5,"column":31},"end":{"line":12,"column":2}},"2":{"start":{"line":5,"column":89},"end":{"line":12,"column":2}},"3":{"start":{"line":6,"column":2},"end":{"line":11,"column":3}},"4":{"start":{"line":7,"column":21},"end":{"line":7,"column":55}},"5":{"start":{"line":8,"column":4},"end":{"line":8,"column":23}},"6":{"start":{"line":10,"column":4},"end":{"line":10,"column":12}},"7":{"start":{"line":5,"column":13},"end":{"line":5,"column":31}},"8":{"start":{"line":14,"column":30},"end":{"line":23,"column":2}},"9":{"start":{"line":14,"column":88},"end":{"line":23,"column":2}},"10":{"start":{"line":15,"column":13},"end":{"line":15,"column":36}},"11":{"start":{"line":16,"column":2},"end":{"line":22,"column":3}},"12":{"start":{"line":17,"column":20},"end":{"line":17,"column":50}},"13":{"start":{"line":18,"column":4},"end":{"line":18,"column":74}},"14":{"start":{"line":18,"column":18},"end":{"line":18,"column":74}},"15":{"start":{"line":19,"column":4},"end":{"line":19,"column":22}},"16":{"start":{"line":21,"column":4},"end":{"line":21,"column":12}},"17":{"start":{"line":14,"column":13},"end":{"line":14,"column":30}}},"fnMap":{"0":{"name":"(anonymous_7)","decl":{"start":{"line":5,"column":31},"end":{"line":5,"column":38}},"loc":{"start":{"line":5,"column":89},"end":{"line":12,"column":2}}},"1":{"name":"(anonymous_8)","decl":{"start":{"line":5,"column":89},"end":{"line":5,"column":null}},"loc":{"start":{"line":5,"column":89},"end":{"line":12,"column":1}}},"2":{"name":"(anonymous_9)","decl":{"start":{"line":14,"column":30},"end":{"line":14,"column":37}},"loc":{"start":{"line":14,"column":88},"end":{"line":23,"column":2}}},"3":{"name":"(anonymous_10)","decl":{"start":{"line":14,"column":88},"end":{"line":14,"column":null}},"loc":{"start":{"line":14,"column":88},"end":{"line":23,"column":1}}}},"branchMap":{"0":{"loc":{"start":{"line":18,"column":4},"end":{"line":18,"column":74}},"type":"if","locations":[{"start":{"line":18,"column":4},"end":{"line":18,"column":74}},{"start":{},"end":{}}]}},"s":{"0":1,"1":1,"2":0,"3":0,"4":0,"5":0,"6":0,"7":1,"8":1,"9":0,"10":0,"11":0,"12":0,"13":0,"14":0,"15":0,"16":0,"17":1},"f":{"0":0,"1":0,"2":0,"3":0},"b":{"0":[0,0]}}
,"C:\\Users\\juanr\\Documents\\zonica2.0\\back2.0\\Zoonika-b\\src\\controllers\\specialistController.ts": {"path":"C:\\Users\\juanr\\Documents\\zonica2.0\\back2.0\\Zoonika-b\\src\\controllers\\specialistController.ts","statementMap":{"0":{"start":{"line":3,"column":0},"end":{"line":3,"column":72}},"1":{"start":{"line":5,"column":33},"end":{"line":12,"column":2}},"2":{"start":{"line":5,"column":91},"end":{"line":12,"column":2}},"3":{"start":{"line":6,"column":2},"end":{"line":11,"column":3}},"4":{"start":{"line":7,"column":26},"end":{"line":7,"column":57}},"5":{"start":{"line":8,"column":4},"end":{"line":8,"column":28}},"6":{"start":{"line":10,"column":4},"end":{"line":10,"column":12}},"7":{"start":{"line":5,"column":13},"end":{"line":5,"column":33}}},"fnMap":{"0":{"name":"(anonymous_7)","decl":{"start":{"line":5,"column":33},"end":{"line":5,"column":40}},"loc":{"start":{"line":5,"column":91},"end":{"line":12,"column":2}}},"1":{"name":"(anonymous_8)","decl":{"start":{"line":5,"column":91},"end":{"line":5,"column":null}},"loc":{"start":{"line":5,"column":91},"end":{"line":12,"column":1}}}},"branchMap":{},"s":{"0":1,"1":1,"2":0,"3":0,"4":0,"5":0,"6":0,"7":1},"f":{"0":0,"1":0},"b":{}}
,"C:\\Users\\juanr\\Documents\\zonica2.0\\back2.0\\Zoonika-b\\src\\controllers\\userController.ts": {"path":"C:\\Users\\juanr\\Documents\\zonica2.0\\back2.0\\Zoonika-b\\src\\controllers\\userController.ts","statementMap":{"0":{"start":{"line":3,"column":0},"end":{"line":3,"column":113}},"1":{"start":{"line":5,"column":27},"end":{"line":12,"column":2}},"2":{"start":{"line":5,"column":85},"end":{"line":12,"column":2}},"3":{"start":{"line":6,"column":2},"end":{"line":11,"column":3}},"4":{"start":{"line":7,"column":18},"end":{"line":7,"column":43}},"5":{"start":{"line":8,"column":4},"end":{"line":8,"column":20}},"6":{"start":{"line":10,"column":4},"end":{"line":10,"column":12}},"7":{"start":{"line":5,"column":13},"end":{"line":5,"column":27}},"8":{"start":{"line":14,"column":27},"end":{"line":23,"column":2}},"9":{"start":{"line":14,"column":85},"end":{"line":23,"column":2}},"10":{"start":{"line":15,"column":13},"end":{"line":15,"column":36}},"11":{"start":{"line":16,"column":2},"end":{"line":22,"column":3}},"12":{"start":{"line":17,"column":20},"end":{"line":17,"column":47}},"13":{"start":{"line":18,"column":4},"end":{"line":18,"column":82}},"14":{"start":{"line":18,"column":18},"end":{"line":18,"column":82}},"15":{"start":{"line":19,"column":4},"end":{"line":19,"column":22}},"16":{"start":{"line":21,"column":4},"end":{"line":21,"column":12}},"17":{"start":{"line":14,"column":13},"end":{"line":14,"column":27}},"18":{"start":{"line":25,"column":26},"end":{"line":40,"column":2}},"19":{"start":{"line":25,"column":84},"end":{"line":40,"column":2}},"20":{"start":{"line":26,"column":17},"end":{"line":26,"column":27}},"21":{"start":{"line":27,"column":28},"end":{"line":27,"column":36}},"22":{"start":{"line":28,"column":20},"end":{"line":28,"column":32}},"23":{"start":{"line":30,"column":2},"end":{"line":32,"column":3}},"24":{"start":{"line":31,"column":4},"end":{"line":31,"column":89}},"25":{"start":{"line":34,"column":2},"end":{"line":39,"column":3}},"26":{"start":{"line":35,"column":24},"end":{"line":35,"column":70}},"27":{"start":{"line":36,"column":4},"end":{"line":36,"column":26}},"28":{"start":{"line":38,"column":4},"end":{"line":38,"column":12}},"29":{"start":{"line":25,"column":13},"end":{"line":25,"column":26}},"30":{"start":{"line":42,"column":26},"end":{"line":56,"column":2}},"31":{"start":{"line":42,"column":84},"end":{"line":56,"column":2}},"32":{"start":{"line":43,"column":17},"end":{"line":43,"column":27}},"33":{"start":{"line":44,"column":20},"end":{"line":44,"column":32}},"34":{"start":{"line":46,"column":2},"end":{"line":48,"column":3}},"35":{"start":{"line":47,"column":4},"end":{"line":47,"column":87}},"36":{"start":{"line":50,"column":2},"end":{"line":55,"column":3}},"37":{"start":{"line":51,"column":4},"end":{"line":51,"column":38}},"38":{"start":{"line":52,"column":4},"end":{"line":52,"column":27}},"39":{"start":{"line":54,"column":4},"end":{"line":54,"column":12}},"40":{"start":{"line":42,"column":13},"end":{"line":42,"column":26}}},"fnMap":{"0":{"name":"(anonymous_7)","decl":{"start":{"line":5,"column":27},"end":{"line":5,"column":34}},"loc":{"start":{"line":5,"column":85},"end":{"line":12,"column":2}}},"1":{"name":"(anonymous_8)","decl":{"start":{"line":5,"column":85},"end":{"line":5,"column":null}},"loc":{"start":{"line":5,"column":85},"end":{"line":12,"column":1}}},"2":{"name":"(anonymous_9)","decl":{"start":{"line":14,"column":27},"end":{"line":14,"column":34}},"loc":{"start":{"line":14,"column":85},"end":{"line":23,"column":2}}},"3":{"name":"(anonymous_10)","decl":{"start":{"line":14,"column":85},"end":{"line":14,"column":null}},"loc":{"start":{"line":14,"column":85},"end":{"line":23,"column":1}}},"4":{"name":"(anonymous_11)","decl":{"start":{"line":25,"column":26},"end":{"line":25,"column":33}},"loc":{"start":{"line":25,"column":84},"end":{"line":40,"column":2}}},"5":{"name":"(anonymous_12)","decl":{"start":{"line":25,"column":84},"end":{"line":25,"column":null}},"loc":{"start":{"line":25,"column":84},"end":{"line":40,"column":1}}},"6":{"name":"(anonymous_13)","decl":{"start":{"line":42,"column":26},"end":{"line":42,"column":33}},"loc":{"start":{"line":42,"column":84},"end":{"line":56,"column":2}}},"7":{"name":"(anonymous_14)","decl":{"start":{"line":42,"column":84},"end":{"line":42,"column":null}},"loc":{"start":{"line":42,"column":84},"end":{"line":56,"column":1}}}},"branchMap":{"0":{"loc":{"start":{"line":18,"column":4},"end":{"line":18,"column":82}},"type":"if","locations":[{"start":{"line":18,"column":4},"end":{"line":18,"column":82}},{"start":{},"end":{}}]},"1":{"loc":{"start":{"line":30,"column":2},"end":{"line":32,"column":3}},"type":"if","locations":[{"start":{"line":30,"column":2},"end":{"line":32,"column":3}},{"start":{},"end":{}}]},"2":{"loc":{"start":{"line":46,"column":2},"end":{"line":48,"column":3}},"type":"if","locations":[{"start":{"line":46,"column":2},"end":{"line":48,"column":3}},{"start":{},"end":{}}]}},"s":{"0":1,"1":1,"2":0,"3":0,"4":0,"5":0,"6":0,"7":1,"8":1,"9":0,"10":0,"11":0,"12":0,"13":0,"14":0,"15":0,"16":0,"17":1,"18":1,"19":0,"20":0,"21":0,"22":0,"23":0,"24":0,"25":0,"26":0,"27":0,"28":0,"29":1,"30":1,"31":0,"32":0,"33":0,"34":0,"35":0,"36":0,"37":0,"38":0,"39":0,"40":1},"f":{"0":0,"1":0,"2":0,"3":0,"4":0,"5":0,"6":0,"7":0},"b":{"0":[0,0],"1":[0,0],"2":[0,0]}}
,"C:\\Users\\juanr\\Documents\\zonica2.0\\back2.0\\Zoonika-b\\src\\middlewares\\authMiddleware.ts": {"path":"C:\\Users\\juanr\\Documents\\zonica2.0\\back2.0\\Zoonika-b\\src\\middlewares\\authMiddleware.ts","statementMap":{"0":{"start":{"line":3,"column":0},"end":{"line":3,"column":31}},"1":{"start":{"line":5,"column":19},"end":{"line":5,"column":36}},"2":{"start":{"line":7,"column":30},"end":{"line":23,"column":1}},"3":{"start":{"line":8,"column":21},"end":{"line":8,"column":46}},"4":{"start":{"line":10,"column":2},"end":{"line":12,"column":3}},"5":{"start":{"line":11,"column":4},"end":{"line":11,"column":84}},"6":{"start":{"line":14,"column":16},"end":{"line":14,"column":40}},"7":{"start":{"line":16,"column":2},"end":{"line":22,"column":3}},"8":{"start":{"line":17,"column":20},"end":{"line":17,"column":108}},"9":{"start":{"line":18,"column":4},"end":{"line":18,"column":56}},"10":{"start":{"line":19,"column":4},"end":{"line":19,"column":11}},"11":{"start":{"line":21,"column":4},"end":{"line":21,"column":76}},"12":{"start":{"line":7,"column":13},"end":{"line":7,"column":30}}},"fnMap":{"0":{"name":"(anonymous_1)","decl":{"start":{"line":7,"column":30},"end":{"line":7,"column":31}},"loc":{"start":{"line":7,"column":82},"end":{"line":23,"column":1}}}},"branchMap":{"0":{"loc":{"start":{"line":10,"column":2},"end":{"line":12,"column":3}},"type":"if","locations":[{"start":{"line":10,"column":2},"end":{"line":12,"column":3}},{"start":{},"end":{}}]},"1":{"loc":{"start":{"line":10,"column":6},"end":{"line":10,"column":54}},"type":"binary-expr","locations":[{"start":{"line":10,"column":6},"end":{"line":10,"column":17}},{"start":{"line":10,"column":21},"end":{"line":10,"column":54}}]}},"s":{"0":1,"1":1,"2":1,"3":0,"4":0,"5":0,"6":0,"7":0,"8":0,"9":0,"10":0,"11":0,"12":1},"f":{"0":0},"b":{"0":[0,0],"1":[0,0]}}
,"C:\\Users\\juanr\\Documents\\zonica2.0\\back2.0\\Zoonika-b\\src\\middlewares\\errorHandler.ts": {"path":"C:\\Users\\juanr\\Documents\\zonica2.0\\back2.0\\Zoonika-b\\src\\middlewares\\errorHandler.ts","statementMap":{"0":{"start":{"line":4,"column":28},"end":{"line":7,"column":1}},"1":{"start":{"line":5,"column":2},"end":{"line":5,"column":27}},"2":{"start":{"line":6,"column":2},"end":{"line":6,"column":81}},"3":{"start":{"line":4,"column":13},"end":{"line":4,"column":28}}},"fnMap":{"0":{"name":"(anonymous_0)","decl":{"start":{"line":4,"column":28},"end":{"line":4,"column":29}},"loc":{"start":{"line":4,"column":92},"end":{"line":7,"column":1}}}},"branchMap":{},"s":{"0":1,"1":0,"2":0,"3":1},"f":{"0":0},"b":{}}
,"C:\\Users\\juanr\\Documents\\zonica2.0\\back2.0\\Zoonika-b\\src\\routes\\authRoutes.ts": {"path":"C:\\Users\\juanr\\Documents\\zonica2.0\\back2.0\\Zoonika-b\\src\\routes\\authRoutes.ts","statementMap":{"0":{"start":{"line":2,"column":0},"end":{"line":2,"column":33}},"1":{"start":{"line":3,"column":0},"end":{"line":3,"column":64}},"2":{"start":{"line":5,"column":15},"end":{"line":5,"column":23}},"3":{"start":{"line":8,"column":0},"end":{"line":8,"column":35}},"4":{"start":{"line":11,"column":0},"end":{"line":11,"column":29}},"5":{"start":{"line":13,"column":0},"end":{"line":13,"column":22}}},"fnMap":{},"branchMap":{},"s":{"0":1,"1":1,"2":1,"3":1,"4":1,"5":1},"f":{},"b":{}}
,"C:\\Users\\juanr\\Documents\\zonica2.0\\back2.0\\Zoonika-b\\src\\routes\\commentRoutes.ts": {"path":"C:\\Users\\juanr\\Documents\\zonica2.0\\back2.0\\Zoonika-b\\src\\routes\\commentRoutes.ts","statementMap":{"0":{"start":{"line":2,"column":0},"end":{"line":2,"column":33}},"1":{"start":{"line":3,"column":0},"end":{"line":3,"column":95}},"2":{"start":{"line":4,"column":0},"end":{"line":4,"column":63}},"3":{"start":{"line":6,"column":15},"end":{"line":6,"column":23}},"4":{"start":{"line":9,"column":0},"end":{"line":9,"column":48}},"5":{"start":{"line":12,"column":0},"end":{"line":12,"column":50}},"6":{"start":{"line":15,"column":0},"end":{"line":15,"column":53}},"7":{"start":{"line":17,"column":0},"end":{"line":17,"column":22}}},"fnMap":{},"branchMap":{},"s":{"0":1,"1":1,"2":1,"3":1,"4":1,"5":1,"6":1,"7":1},"f":{},"b":{}}
,"C:\\Users\\juanr\\Documents\\zonica2.0\\back2.0\\Zoonika-b\\src\\routes\\galleryRoutes.ts": {"path":"C:\\Users\\juanr\\Documents\\zonica2.0\\back2.0\\Zoonika-b\\src\\routes\\galleryRoutes.ts","statementMap":{"0":{"start":{"line":2,"column":0},"end":{"line":2,"column":33}},"1":{"start":{"line":3,"column":0},"end":{"line":3,"column":83}},"2":{"start":{"line":5,"column":15},"end":{"line":5,"column":23}},"3":{"start":{"line":8,"column":0},"end":{"line":8,"column":33}},"4":{"start":{"line":11,"column":0},"end":{"line":11,"column":35}},"5":{"start":{"line":13,"column":0},"end":{"line":13,"column":22}}},"fnMap":{},"branchMap":{},"s":{"0":1,"1":1,"2":1,"3":1,"4":1,"5":1},"f":{},"b":{}}
,"C:\\Users\\juanr\\Documents\\zonica2.0\\back2.0\\Zoonika-b\\src\\routes\\specialistRoutes.ts": {"path":"C:\\Users\\juanr\\Documents\\zonica2.0\\back2.0\\Zoonika-b\\src\\routes\\specialistRoutes.ts","statementMap":{"0":{"start":{"line":2,"column":0},"end":{"line":2,"column":33}},"1":{"start":{"line":3,"column":0},"end":{"line":3,"column":72}},"2":{"start":{"line":5,"column":15},"end":{"line":5,"column":23}},"3":{"start":{"line":8,"column":0},"end":{"line":8,"column":35}},"4":{"start":{"line":10,"column":0},"end":{"line":10,"column":22}}},"fnMap":{},"branchMap":{},"s":{"0":1,"1":1,"2":1,"3":1,"4":1},"f":{},"b":{}}
,"C:\\Users\\juanr\\Documents\\zonica2.0\\back2.0\\Zoonika-b\\src\\routes\\userRoutes.ts": {"path":"C:\\Users\\juanr\\Documents\\zonica2.0\\back2.0\\Zoonika-b\\src\\routes\\userRoutes.ts","statementMap":{"0":{"start":{"line":2,"column":0},"end":{"line":2,"column":33}},"1":{"start":{"line":3,"column":0},"end":{"line":3,"column":97}},"2":{"start":{"line":4,"column":0},"end":{"line":4,"column":63}},"3":{"start":{"line":6,"column":15},"end":{"line":6,"column":23}},"4":{"start":{"line":9,"column":0},"end":{"line":9,"column":45}},"5":{"start":{"line":12,"column":0},"end":{"line":12,"column":32}},"6":{"start":{"line":15,"column":0},"end":{"line":15,"column":47}},"7":{"start":{"line":18,"column":0},"end":{"line":18,"column":50}},"8":{"start":{"line":20,"column":0},"end":{"line":20,"column":22}}},"fnMap":{},"branchMap":{},"s":{"0":1,"1":1,"2":1,"3":1,"4":1,"5":1,"6":1,"7":1,"8":1},"f":{},"b":{}}
,"C:\\Users\\juanr\\Documents\\zonica2.0\\back2.0\\Zoonika-b\\src\\services\\authService.ts": {"path":"C:\\Users\\juanr\\Documents\\zonica2.0\\back2.0\\Zoonika-b\\src\\services\\authService.ts","statementMap":{"0":{"start":{"line":2,"column":0},"end":{"line":2,"column":31}},"1":{"start":{"line":3,"column":0},"end":{"line":3,"column":30}},"2":{"start":{"line":5,"column":28},"end":{"line":11,"column":2}},"3":{"start":{"line":5,"column":91},"end":{"line":11,"column":2}},"4":{"start":{"line":6,"column":17},"end":{"line":6,"column":53}},"5":{"start":{"line":7,"column":15},"end":{"line":9,"column":4}},"6":{"start":{"line":10,"column":2},"end":{"line":10,"column":65}},"7":{"start":{"line":5,"column":13},"end":{"line":5,"column":28}},"8":{"start":{"line":13,"column":31},"end":{"line":15,"column":2}},"9":{"start":{"line":13,"column":55},"end":{"line":15,"column":2}},"10":{"start":{"line":14,"column":2},"end":{"line":14,"column":63}},"11":{"start":{"line":13,"column":13},"end":{"line":13,"column":31}},"12":{"start":{"line":17,"column":31},"end":{"line":19,"column":2}},"13":{"start":{"line":17,"column":87},"end":{"line":19,"column":2}},"14":{"start":{"line":18,"column":2},"end":{"line":18,"column":61}},"15":{"start":{"line":17,"column":13},"end":{"line":17,"column":31}},"16":{"start":{"line":21,"column":27},"end":{"line":25,"column":2}},"17":{"start":{"line":21,"column":55},"end":{"line":25,"column":2}},"18":{"start":{"line":22,"column":2},"end":{"line":24,"column":5}},"19":{"start":{"line":21,"column":13},"end":{"line":21,"column":27}}},"fnMap":{"0":{"name":"(anonymous_8)","decl":{"start":{"line":5,"column":28},"end":{"line":5,"column":35}},"loc":{"start":{"line":5,"column":91},"end":{"line":11,"column":2}}},"1":{"name":"(anonymous_9)","decl":{"start":{"line":5,"column":91},"end":{"line":5,"column":null}},"loc":{"start":{"line":5,"column":91},"end":{"line":11,"column":1}}},"2":{"name":"(anonymous_10)","decl":{"start":{"line":13,"column":31},"end":{"line":13,"column":38}},"loc":{"start":{"line":13,"column":55},"end":{"line":15,"column":2}}},"3":{"name":"(anonymous_11)","decl":{"start":{"line":13,"column":55},"end":{"line":13,"column":null}},"loc":{"start":{"line":13,"column":55},"end":{"line":15,"column":1}}},"4":{"name":"(anonymous_12)","decl":{"start":{"line":17,"column":31},"end":{"line":17,"column":38}},"loc":{"start":{"line":17,"column":87},"end":{"line":19,"column":2}}},"5":{"name":"(anonymous_13)","decl":{"start":{"line":17,"column":87},"end":{"line":17,"column":null}},"loc":{"start":{"line":17,"column":87},"end":{"line":19,"column":1}}},"6":{"name":"(anonymous_14)","decl":{"start":{"line":21,"column":27},"end":{"line":21,"column":34}},"loc":{"start":{"line":21,"column":55},"end":{"line":25,"column":2}}},"7":{"name":"(anonymous_15)","decl":{"start":{"line":21,"column":55},"end":{"line":21,"column":null}},"loc":{"start":{"line":21,"column":55},"end":{"line":25,"column":1}}}},"branchMap":{},"s":{"0":1,"1":1,"2":1,"3":1,"4":1,"5":1,"6":1,"7":1,"8":1,"9":2,"10":2,"11":1,"12":1,"13":2,"14":2,"15":1,"16":1,"17":1,"18":1,"19":1},"f":{"0":1,"1":1,"2":2,"3":2,"4":2,"5":2,"6":1,"7":1},"b":{}}
,"C:\\Users\\juanr\\Documents\\zonica2.0\\back2.0\\Zoonika-b\\src\\services\\commentService.ts": {"path":"C:\\Users\\juanr\\Documents\\zonica2.0\\back2.0\\Zoonika-b\\src\\services\\commentService.ts","statementMap":{"0":{"start":{"line":2,"column":0},"end":{"line":2,"column":31}},"1":{"start":{"line":4,"column":43},"end":{"line":6,"column":2}},"2":{"start":{"line":4,"column":90},"end":{"line":6,"column":2}},"3":{"start":{"line":5,"column":2},"end":{"line":5,"column":80}},"4":{"start":{"line":4,"column":13},"end":{"line":4,"column":43}},"5":{"start":{"line":8,"column":32},"end":{"line":12,"column":2}},"6":{"start":{"line":8,"column":119},"end":{"line":12,"column":2}},"7":{"start":{"line":9,"column":2},"end":{"line":11,"column":5}},"8":{"start":{"line":8,"column":13},"end":{"line":8,"column":32}},"9":{"start":{"line":14,"column":31},"end":{"line":16,"column":2}},"10":{"start":{"line":14,"column":52},"end":{"line":16,"column":2}},"11":{"start":{"line":15,"column":2},"end":{"line":15,"column":63}},"12":{"start":{"line":14,"column":13},"end":{"line":14,"column":31}},"13":{"start":{"line":18,"column":37},"end":{"line":23,"column":2}},"14":{"start":{"line":18,"column":98},"end":{"line":23,"column":2}},"15":{"start":{"line":19,"column":2},"end":{"line":22,"column":5}},"16":{"start":{"line":18,"column":13},"end":{"line":18,"column":37}},"17":{"start":{"line":25,"column":37},"end":{"line":27,"column":2}},"18":{"start":{"line":25,"column":58},"end":{"line":27,"column":2}},"19":{"start":{"line":26,"column":2},"end":{"line":26,"column":59}},"20":{"start":{"line":25,"column":13},"end":{"line":25,"column":37}}},"fnMap":{"0":{"name":"(anonymous_7)","decl":{"start":{"line":4,"column":43},"end":{"line":4,"column":50}},"loc":{"start":{"line":4,"column":90},"end":{"line":6,"column":2}}},"1":{"name":"(anonymous_8)","decl":{"start":{"line":4,"column":90},"end":{"line":4,"column":null}},"loc":{"start":{"line":4,"column":90},"end":{"line":6,"column":1}}},"2":{"name":"(anonymous_9)","decl":{"start":{"line":8,"column":32},"end":{"line":8,"column":39}},"loc":{"start":{"line":8,"column":119},"end":{"line":12,"column":2}}},"3":{"name":"(anonymous_10)","decl":{"start":{"line":8,"column":119},"end":{"line":8,"column":null}},"loc":{"start":{"line":8,"column":119},"end":{"line":12,"column":1}}},"4":{"name":"(anonymous_11)","decl":{"start":{"line":14,"column":31},"end":{"line":14,"column":38}},"loc":{"start":{"line":14,"column":52},"end":{"line":16,"column":2}}},"5":{"name":"(anonymous_12)","decl":{"start":{"line":14,"column":52},"end":{"line":14,"column":null}},"loc":{"start":{"line":14,"column":52},"end":{"line":16,"column":1}}},"6":{"name":"(anonymous_13)","decl":{"start":{"line":18,"column":37},"end":{"line":18,"column":44}},"loc":{"start":{"line":18,"column":98},"end":{"line":23,"column":2}}},"7":{"name":"(anonymous_14)","decl":{"start":{"line":18,"column":98},"end":{"line":18,"column":null}},"loc":{"start":{"line":18,"column":98},"end":{"line":23,"column":1}}},"8":{"name":"(anonymous_15)","decl":{"start":{"line":25,"column":37},"end":{"line":25,"column":44}},"loc":{"start":{"line":25,"column":58},"end":{"line":27,"column":2}}},"9":{"name":"(anonymous_16)","decl":{"start":{"line":25,"column":58},"end":{"line":25,"column":null}},"loc":{"start":{"line":25,"column":58},"end":{"line":27,"column":1}}}},"branchMap":{},"s":{"0":1,"1":1,"2":0,"3":0,"4":1,"5":1,"6":0,"7":0,"8":1,"9":1,"10":0,"11":0,"12":1,"13":1,"14":0,"15":0,"16":1,"17":1,"18":0,"19":0,"20":1},"f":{"0":0,"1":0,"2":0,"3":0,"4":0,"5":0,"6":0,"7":0,"8":0,"9":0},"b":{}}
,"C:\\Users\\juanr\\Documents\\zonica2.0\\back2.0\\Zoonika-b\\src\\services\\galleryService.ts": {"path":"C:\\Users\\juanr\\Documents\\zonica2.0\\back2.0\\Zoonika-b\\src\\services\\galleryService.ts","statementMap":{"0":{"start":{"line":2,"column":0},"end":{"line":2,"column":31}},"1":{"start":{"line":4,"column":42},"end":{"line":8,"column":2}},"2":{"start":{"line":4,"column":53},"end":{"line":8,"column":2}},"3":{"start":{"line":5,"column":2},"end":{"line":7,"column":5}},"4":{"start":{"line":4,"column":13},"end":{"line":4,"column":42}},"5":{"start":{"line":10,"column":36},"end":{"line":24,"column":2}},"6":{"start":{"line":10,"column":57},"end":{"line":24,"column":2}},"7":{"start":{"line":11,"column":2},"end":{"line":23,"column":5}},"8":{"start":{"line":10,"column":13},"end":{"line":10,"column":36}}},"fnMap":{"0":{"name":"(anonymous_7)","decl":{"start":{"line":4,"column":42},"end":{"line":4,"column":51}},"loc":{"start":{"line":4,"column":53},"end":{"line":8,"column":2}}},"1":{"name":"(anonymous_8)","decl":{"start":{"line":4,"column":53},"end":{"line":4,"column":null}},"loc":{"start":{"line":4,"column":53},"end":{"line":8,"column":1}}},"2":{"name":"(anonymous_9)","decl":{"start":{"line":10,"column":36},"end":{"line":10,"column":43}},"loc":{"start":{"line":10,"column":57},"end":{"line":24,"column":2}}},"3":{"name":"(anonymous_10)","decl":{"start":{"line":10,"column":57},"end":{"line":10,"column":null}},"loc":{"start":{"line":10,"column":57},"end":{"line":24,"column":1}}}},"branchMap":{},"s":{"0":1,"1":1,"2":0,"3":0,"4":1,"5":1,"6":0,"7":0,"8":1},"f":{"0":0,"1":0,"2":0,"3":0},"b":{}}
,"C:\\Users\\juanr\\Documents\\zonica2.0\\back2.0\\Zoonika-b\\src\\services\\specialistService.ts": {"path":"C:\\Users\\juanr\\Documents\\zonica2.0\\back2.0\\Zoonika-b\\src\\services\\specialistService.ts","statementMap":{"0":{"start":{"line":2,"column":0},"end":{"line":2,"column":31}},"1":{"start":{"line":4,"column":39},"end":{"line":6,"column":2}},"2":{"start":{"line":4,"column":50},"end":{"line":6,"column":2}},"3":{"start":{"line":5,"column":2},"end":{"line":5,"column":46}},"4":{"start":{"line":4,"column":13},"end":{"line":4,"column":39}}},"fnMap":{"0":{"name":"(anonymous_7)","decl":{"start":{"line":4,"column":39},"end":{"line":4,"column":48}},"loc":{"start":{"line":4,"column":50},"end":{"line":6,"column":2}}},"1":{"name":"(anonymous_8)","decl":{"start":{"line":4,"column":50},"end":{"line":4,"column":null}},"loc":{"start":{"line":4,"column":50},"end":{"line":6,"column":1}}}},"branchMap":{},"s":{"0":1,"1":1,"2":0,"3":0,"4":1},"f":{"0":0,"1":0},"b":{}}
,"C:\\Users\\juanr\\Documents\\zonica2.0\\back2.0\\Zoonika-b\\src\\services\\userService.ts": {"path":"C:\\Users\\juanr\\Documents\\zonica2.0\\back2.0\\Zoonika-b\\src\\services\\userService.ts","statementMap":{"0":{"start":{"line":2,"column":0},"end":{"line":2,"column":31}},"1":{"start":{"line":4,"column":33},"end":{"line":8,"column":2}},"2":{"start":{"line":4,"column":44},"end":{"line":8,"column":2}},"3":{"start":{"line":5,"column":2},"end":{"line":7,"column":5}},"4":{"start":{"line":4,"column":13},"end":{"line":4,"column":33}},"5":{"start":{"line":10,"column":33},"end":{"line":15,"column":2}},"6":{"start":{"line":10,"column":54},"end":{"line":15,"column":2}},"7":{"start":{"line":11,"column":2},"end":{"line":14,"column":5}},"8":{"start":{"line":10,"column":13},"end":{"line":10,"column":33}},"9":{"start":{"line":17,"column":30},"end":{"line":23,"column":2}},"10":{"start":{"line":17,"column":82},"end":{"line":23,"column":2}},"11":{"start":{"line":18,"column":2},"end":{"line":22,"column":5}},"12":{"start":{"line":17,"column":13},"end":{"line":17,"column":30}},"13":{"start":{"line":25,"column":32},"end":{"line":27,"column":2}},"14":{"start":{"line":25,"column":53},"end":{"line":27,"column":2}},"15":{"start":{"line":26,"column":2},"end":{"line":26,"column":56}},"16":{"start":{"line":25,"column":13},"end":{"line":25,"column":32}}},"fnMap":{"0":{"name":"(anonymous_7)","decl":{"start":{"line":4,"column":33},"end":{"line":4,"column":42}},"loc":{"start":{"line":4,"column":44},"end":{"line":8,"column":2}}},"1":{"name":"(anonymous_8)","decl":{"start":{"line":4,"column":44},"end":{"line":4,"column":null}},"loc":{"start":{"line":4,"column":44},"end":{"line":8,"column":1}}},"2":{"name":"(anonymous_9)","decl":{"start":{"line":10,"column":33},"end":{"line":10,"column":40}},"loc":{"start":{"line":10,"column":54},"end":{"line":15,"column":2}}},"3":{"name":"(anonymous_10)","decl":{"start":{"line":10,"column":54},"end":{"line":10,"column":null}},"loc":{"start":{"line":10,"column":54},"end":{"line":15,"column":1}}},"4":{"name":"(anonymous_11)","decl":{"start":{"line":17,"column":30},"end":{"line":17,"column":37}},"loc":{"start":{"line":17,"column":82},"end":{"line":23,"column":2}}},"5":{"name":"(anonymous_12)","decl":{"start":{"line":17,"column":82},"end":{"line":17,"column":null}},"loc":{"start":{"line":17,"column":82},"end":{"line":23,"column":1}}},"6":{"name":"(anonymous_13)","decl":{"start":{"line":25,"column":32},"end":{"line":25,"column":39}},"loc":{"start":{"line":25,"column":53},"end":{"line":27,"column":2}}},"7":{"name":"(anonymous_14)","decl":{"start":{"line":25,"column":53},"end":{"line":25,"column":null}},"loc":{"start":{"line":25,"column":53},"end":{"line":27,"column":1}}}},"branchMap":{},"s":{"0":1,"1":1,"2":0,"3":0,"4":1,"5":1,"6":0,"7":0,"8":1,"9":1,"10":0,"11":0,"12":1,"13":1,"14":0,"15":0,"16":1},"f":{"0":0,"1":0,"2":0,"3":0,"4":0,"5":0,"6":0,"7":0},"b":{}}
}
